<?xml version="1.0" encoding="UTF-8"?>
<testng-results skipped="0" failed="0" ignored="0" total="0" passed="0">
  <reporter-output>
  </reporter-output>
  <suite name="All Test Suite" duration-ms="12124" started-at="2023-02-23T17:53:00 AST" finished-at="2023-02-23T17:53:12 AST">
    <groups>
    </groups>
    <test name="C:/appium_demos/Whatsapp" duration-ms="12124" started-at="2023-02-23T17:53:00 AST" finished-at="2023-02-23T17:53:12 AST">
      <class name="TestCases.TestBases">
        <test-method status="PASS" signature="setupDriver()[pri:0, instance:TestCases.TestBases@39ab59f8]" name="setupDriver" is-config="true" duration-ms="12096" started-at="2023-02-23T17:53:00 AST" finished-at="2023-02-23T17:53:12 AST">
          <reporter-output>
          </reporter-output>
        </test-method> <!-- setupDriver -->
      </class> <!-- TestCases.TestBases -->
    </test> <!-- C:/appium_demos/Whatsapp -->
  </suite> <!-- All Test Suite -->
</testng-results>
